SF:src/IndependentProbLogic.jl
LH:0
LF:0
end_of_record
SF:src/logic.jl
DA:2,165
DA:3,17
DA:4,0
DA:5,1
DA:6,9
DA:7,0
DA:8,1
DA:9,14
DA:11,1
DA:12,2
DA:13,1
DA:15,15
DA:16,5
DA:17,5
DA:20,2
DA:21,0
DA:22,1
DA:25,0
DA:26,32
DA:27,16
DA:28,72
DA:29,32
DA:30,16
DA:38,40
DA:39,12
DA:46,2
DA:47,4
DA:48,8
DA:56,2
DA:57,12
DA:58,40
DA:61,4
DA:62,8
DA:70,6
DA:78,6
DA:81,0
DA:82,0
LH:31
LF:37
end_of_record
SF:src/types.jl
DA:10,70
DA:12,1
DA:13,1
DA:14,0
DA:15,0
DA:19,125
DA:21,1
DA:22,11
DA:23,10
DA:24,0
DA:28,10
DA:29,15
DA:30,11
DA:31,2
DA:32,1
DA:35,10
DA:36,10
DA:43,4
DA:45,4
DA:46,2
DA:51,1
DA:52,1
DA:53,1
DA:54,1
LH:21
LF:24
end_of_record
