SF:src/IndependentProbLogic.jl
LH:0
LF:0
end_of_record
SF:src/logic.jl
DA:2,7
DA:3,1
DA:4,0
DA:5,1
DA:6,0
DA:7,0
DA:8,0
DA:9,4
DA:12,3
DA:13,0
DA:14,1
DA:17,2
DA:18,0
DA:19,1
DA:22,0
DA:23,0
DA:24,0
DA:25,0
DA:26,0
DA:34,0
DA:35,0
DA:42,0
DA:43,0
DA:44,0
DA:52,0
DA:53,0
DA:54,0
DA:57,0
DA:58,0
DA:66,0
DA:74,0
DA:77,0
DA:78,0
LH:8
LF:33
end_of_record
SF:src/types.jl
DA:10,5
DA:12,0
DA:13,0
DA:14,0
DA:15,0
DA:19,10
DA:21,0
DA:22,2
DA:23,2
DA:24,0
DA:28,2
DA:29,4
DA:30,2
DA:31,0
DA:32,0
DA:35,2
DA:36,2
DA:43,0
DA:51,0
DA:52,0
DA:53,0
DA:54,0
LH:9
LF:22
end_of_record
